<?xml version="1.0" encoding="UTF-8"?>
<!-- Generated by org.testng.reporters.JUnitXMLReporter -->
<testsuite ignored="0" hostname="DESKTOP-DNNMSRP" failures="0" tests="1" name="edgetest" time="0.145" errors="0" timestamp="2025-01-02T09:56:57 IST">
  <testcase classname="testCases.BaseClass" name="@BeforeClass setUP" time="-1.73579201705E9">
    <failure type="org.testng.TestNGException" message="
Can inject only one of &amp;lt;ITestContext, XmlTest&amp;gt; into a @BeforeClass annotated setUP.
For more information on native dependency injection please refer to https://testng.org/#_dependency_injection">
      <![CDATA[org.testng.TestNGException: 
Can inject only one of <ITestContext, XmlTest> into a @BeforeClass annotated setUP.
For more information on native dependency injection please refer to https://testng.org/#_dependency_injection
at java.base/java.util.ArrayList.forEach(ArrayList.java:1596)
at java.base/java.util.concurrent.FutureTask.run(FutureTask.java:317)
at java.base/java.util.concurrent.ThreadPoolExecutor.runWorker(ThreadPoolExecutor.java:1144)
at java.base/java.util.concurrent.ThreadPoolExecutor$Worker.run(ThreadPoolExecutor.java:642)
at java.base/java.lang.Thread.run(Thread.java:1583)
... Removed 12 stack frames]]>
    </failure>
  </testcase> <!-- @BeforeClass setUP -->
  <testcase classname="testCases.BaseClass" name="@AfterClass tear" time="0.0">
    <skipped/>
  </testcase> <!-- @AfterClass tear -->
  <testcase classname="testCases.TestCaseRegister" name="Tc_001RegisterUser" time="0.001">
    <skipped/>
  </testcase> <!-- Tc_001RegisterUser -->
</testsuite> <!-- edgetest -->
