<?xml version="1.0" encoding="UTF-8"?>
<testng-results ignored="0" total="2" passed="2" failed="0" skipped="0">
  <reporter-output>
  </reporter-output>
  <suite started-at="2025-01-02T11:05:51 IST" name="Suite" finished-at="2025-01-02T11:06:16 IST" duration-ms="24508">
    <groups>
      <group name="Master">
        <method signature="TestCaseLogin.TC_002_LoginTestCase()[pri:0, instance:testCases.TestCaseLogin@6436a7db]" name="TC_002_LoginTestCase" class="testCases.TestCaseLogin"/>
        <method signature="TestCaseRegister.Tc_001RegisterUser()[pri:0, instance:testCases.TestCaseRegister@388526fb]" name="Tc_001RegisterUser" class="testCases.TestCaseRegister"/>
      </group> <!-- Master -->
      <group name="Sanity">
        <method signature="TestCaseRegister.Tc_001RegisterUser()[pri:0, instance:testCases.TestCaseRegister@388526fb]" name="Tc_001RegisterUser" class="testCases.TestCaseRegister"/>
      </group> <!-- Sanity -->
      <group name="Regression">
        <method signature="TestCaseLogin.TC_002_LoginTestCase()[pri:0, instance:testCases.TestCaseLogin@6436a7db]" name="TC_002_LoginTestCase" class="testCases.TestCaseLogin"/>
      </group> <!-- Regression -->
    </groups>
    <test started-at="2025-01-02T11:05:51 IST" name="Test" finished-at="2025-01-02T11:06:16 IST" duration-ms="24508">
      <class name="testCases.TestCaseLogin">
        <test-method is-config="true" signature="setUP(java.lang.String,java.lang.String)[pri:0, instance:testCases.TestCaseLogin@6436a7db]" started-at="2025-01-02T11:06:07 IST" name="setUP" finished-at="2025-01-02T11:06:13 IST" duration-ms="5230" status="PASS">
          <params>
            <param index="0">
              <value>
                <![CDATA[chrome]]>
              </value>
            </param>
            <param index="1">
              <value>
                <![CDATA[Windows]]>
              </value>
            </param>
          </params>
          <reporter-output>
          </reporter-output>
        </test-method> <!-- setUP -->
        <test-method signature="TC_002_LoginTestCase()[pri:0, instance:testCases.TestCaseLogin@6436a7db]" started-at="2025-01-02T11:06:13 IST" name="TC_002_LoginTestCase" finished-at="2025-01-02T11:06:15 IST" duration-ms="2709" status="PASS">
          <reporter-output>
          </reporter-output>
        </test-method> <!-- TC_002_LoginTestCase -->
        <test-method is-config="true" signature="tear()[pri:0, instance:testCases.TestCaseLogin@6436a7db]" started-at="2025-01-02T11:06:15 IST" name="tear" finished-at="2025-01-02T11:06:16 IST" duration-ms="318" status="PASS">
          <reporter-output>
          </reporter-output>
        </test-method> <!-- tear -->
      </class> <!-- testCases.TestCaseLogin -->
      <class name="testCases.TestCaseRegister">
        <test-method is-config="true" signature="setUP(java.lang.String,java.lang.String)[pri:0, instance:testCases.TestCaseRegister@388526fb]" started-at="2025-01-02T11:05:52 IST" name="setUP" finished-at="2025-01-02T11:06:03 IST" duration-ms="11732" status="PASS">
          <params>
            <param index="0">
              <value>
                <![CDATA[chrome]]>
              </value>
            </param>
            <param index="1">
              <value>
                <![CDATA[Windows]]>
              </value>
            </param>
          </params>
          <reporter-output>
          </reporter-output>
        </test-method> <!-- setUP -->
        <test-method signature="Tc_001RegisterUser()[pri:0, instance:testCases.TestCaseRegister@388526fb]" started-at="2025-01-02T11:06:03 IST" name="Tc_001RegisterUser" finished-at="2025-01-02T11:06:07 IST" duration-ms="3752" status="PASS">
          <reporter-output>
          </reporter-output>
        </test-method> <!-- Tc_001RegisterUser -->
        <test-method is-config="true" signature="tear()[pri:0, instance:testCases.TestCaseRegister@388526fb]" started-at="2025-01-02T11:06:07 IST" name="tear" finished-at="2025-01-02T11:06:07 IST" duration-ms="333" status="PASS">
          <reporter-output>
          </reporter-output>
        </test-method> <!-- tear -->
      </class> <!-- testCases.TestCaseRegister -->
    </test> <!-- Test -->
  </suite> <!-- Suite -->
</testng-results>
