<?xml version="1.0" encoding="UTF-8"?>
<!-- Generated by org.testng.reporters.JUnitXMLReporter -->
<testsuite ignored="0" hostname="DESKTOP-DNNMSRP" failures="0" tests="0" time="0.06" errors="0" timestamp="2024-12-23T10:24:44 IST">
  <testcase classname="testCases.BaseClass" name="@AfterTest tear" time="0.02">
    <failure type="java.lang.NullPointerException" message="Cannot invoke &amp;quot;org.openqa.selenium.WebDriver.quit()&amp;quot; because &amp;quot;this.driver&amp;quot; is null">
      <![CDATA[java.lang.NullPointerException: Cannot invoke "org.openqa.selenium.WebDriver.quit()" because "this.driver" is null
at testCases.BaseClass.tear(BaseClass.java:78)
... Removed 22 stack frames]]>
    </failure>
  </testcase> <!-- @AfterTest tear -->
</testsuite>
